[01m[K/home/lilultime/ros2_customlidar_ws/src/my_cpp_pkg/src/lidar_data_subscriber.cpp:13:2:[m[K [01;31m[Kerror: [m[Kexpected â€˜[01m[K;[m[Kâ€™ after class definition
   13 | }
      |  [01;31m[K^[m[K
      |  [32m[K;[m[K
gmake[2]: *** [CMakeFiles/lidar_data_subscriber_executable.dir/build.make:76: CMakeFiles/lidar_data_subscriber_executable.dir/src/lidar_data_subscriber.cpp.o] Error 1
gmake[1]: *** [CMakeFiles/Makefile2:137: CMakeFiles/lidar_data_subscriber_executable.dir/all] Error 2
gmake: *** [Makefile:146: all] Error 2
