[0.012s] Invoking command in '/home/lilultime/ros2_lidar_ws/build/rslidar_sdk': AMENT_PREFIX_PATH=/home/lilultime/ros2_lidar_ws/install/rslidar_msg:${AMENT_PREFIX_PATH} CMAKE_PREFIX_PATH=/home/lilultime/ros2_lidar_ws/install/rslidar_msg:/home/lilultime/ros2_ws/install/my_cpp_pkg:/home/lilultime/ros2_ws/install/my_robot_controller:/opt/ros/humble LD_LIBRARY_PATH=/home/lilultime/ros2_lidar_ws/install/rslidar_msg/lib:${LD_LIBRARY_PATH} PYTHONPATH=/home/lilultime/ros2_lidar_ws/install/rslidar_msg/local/lib/python3.10/dist-packages:${PYTHONPATH} /usr/local/bin/cmake --build /home/lilultime/ros2_lidar_ws/build/rslidar_sdk -- -j8 -l8
[0.067s] [ 33%] [32mBuilding CXX object CMakeFiles/rslidar_sdk_node.dir/src/manager/node_manager.cpp.o[0m
[0.279s] In file included from [01m[K/home/lilultime/ros2_lidar_ws/src/rslidar_sdk/src/rs_driver/src/rs_driver/driver/input/input_factory.hpp:42[m[K,
[0.279s]                  from [01m[K/home/lilultime/ros2_lidar_ws/src/rslidar_sdk/src/rs_driver/src/rs_driver/driver/lidar_driver_impl.hpp:41[m[K,
[0.279s]                  from [01m[K/home/lilultime/ros2_lidar_ws/src/rslidar_sdk/src/rs_driver/src/rs_driver/api/lidar_driver.hpp:35[m[K,
[0.280s]                  from [01m[K/home/lilultime/ros2_lidar_ws/src/rslidar_sdk/src/source/source_driver.hpp:37[m[K,
[0.280s]                  from [01m[K/home/lilultime/ros2_lidar_ws/src/rslidar_sdk/src/manager/node_manager.cpp:34[m[K:
[0.280s] [01m[K/home/lilultime/ros2_lidar_ws/src/rslidar_sdk/src/rs_driver/src/rs_driver/driver/input/input_pcap.hpp:43:10:[m[K [01;31m[Kfatal error: [m[Kpcap.h: No such file or directory
[0.280s]    43 | #include [01;31m[K<pcap.h>[m[K
[0.280s]       |          [01;31m[K^~~~~~~~[m[K
[0.280s] compilation terminated.
[0.282s] gmake[2]: *** [CMakeFiles/rslidar_sdk_node.dir/build.make:90: CMakeFiles/rslidar_sdk_node.dir/src/manager/node_manager.cpp.o] Error 1
[0.282s] gmake[1]: *** [CMakeFiles/Makefile2:154: CMakeFiles/rslidar_sdk_node.dir/all] Error 2
[0.282s] gmake: *** [Makefile:146: all] Error 2
[0.288s] Invoked command in '/home/lilultime/ros2_lidar_ws/build/rslidar_sdk' returned '2': AMENT_PREFIX_PATH=/home/lilultime/ros2_lidar_ws/install/rslidar_msg:${AMENT_PREFIX_PATH} CMAKE_PREFIX_PATH=/home/lilultime/ros2_lidar_ws/install/rslidar_msg:/home/lilultime/ros2_ws/install/my_cpp_pkg:/home/lilultime/ros2_ws/install/my_robot_controller:/opt/ros/humble LD_LIBRARY_PATH=/home/lilultime/ros2_lidar_ws/install/rslidar_msg/lib:${LD_LIBRARY_PATH} PYTHONPATH=/home/lilultime/ros2_lidar_ws/install/rslidar_msg/local/lib/python3.10/dist-packages:${PYTHONPATH} /usr/local/bin/cmake --build /home/lilultime/ros2_lidar_ws/build/rslidar_sdk -- -j8 -l8
