[0.009s] Invoking command in '/home/lilultime/ros2_lidar_ws/build/rslidar_sdk': AMENT_PREFIX_PATH=/home/lilultime/ros2_lidar_ws/install/rslidar_msg:${AMENT_PREFIX_PATH} CMAKE_PREFIX_PATH=/home/lilultime/ros2_lidar_ws/install/rslidar_msg:/home/lilultime/ros2_ws/install/my_cpp_pkg:/home/lilultime/ros2_ws/install/my_robot_controller:/opt/ros/humble LD_LIBRARY_PATH=/home/lilultime/ros2_lidar_ws/install/rslidar_msg/lib:${LD_LIBRARY_PATH} PYTHONPATH=/home/lilultime/ros2_lidar_ws/install/rslidar_msg/local/lib/python3.10/dist-packages:${PYTHONPATH} /usr/local/bin/cmake /home/lilultime/ros2_lidar_ws/src/rslidar_sdk -DCMAKE_INSTALL_PREFIX=/home/lilultime/ros2_lidar_ws/install/rslidar_sdk
[0.080s] -- The C compiler identification is GNU 11.3.0
[0.136s] -- The CXX compiler identification is GNU 11.3.0
[0.147s] -- Detecting C compiler ABI info
[0.202s] -- Detecting C compiler ABI info - done
[0.213s] -- Check for working C compiler: /usr/bin/cc - skipped
[0.214s] -- Detecting C compile features
[0.214s] -- Detecting C compile features - done
[0.218s] -- Detecting CXX compiler ABI info
[0.284s] -- Detecting CXX compiler ABI info - done
[0.296s] -- Check for working CXX compiler: /usr/bin/c++ - skipped
[0.296s] -- Detecting CXX compile features
[0.297s] -- Detecting CXX compile features - done
[0.298s] [0m=============================================================[0m
[0.298s] [0m-- POINT_TYPE is XYZI[0m
[0.298s] [0m=============================================================[0m
[0.308s] [0m=============================================================[0m
[0.308s] [0m-- ROS Not Found. ROS Support is turned Off.[0m
[0.308s] [0m=============================================================[0m
[0.665s] -- Found Python3: /usr/bin/python3.10 (found version "3.10.6") found components: Interpreter 
[0.814s] -- Found rosidl_generator_c: 3.1.4 (/opt/ros/humble/share/rosidl_generator_c/cmake)
[0.821s] -- Found rosidl_adapter: 3.1.4 (/opt/ros/humble/share/rosidl_adapter/cmake)
[0.832s] -- Found rosidl_generator_cpp: 3.1.4 (/opt/ros/humble/share/rosidl_generator_cpp/cmake)
[0.850s] -- Using all available rosidl_typesupport_c: rosidl_typesupport_fastrtps_c;rosidl_typesupport_introspection_c
[0.875s] -- Using all available rosidl_typesupport_cpp: rosidl_typesupport_fastrtps_cpp;rosidl_typesupport_introspection_cpp
[0.964s] -- Found rmw_implementation_cmake: 6.1.1 (/opt/ros/humble/share/rmw_implementation_cmake/cmake)
[0.968s] -- Found rmw_fastrtps_cpp: 6.2.2 (/opt/ros/humble/share/rmw_fastrtps_cpp/cmake)
[1.070s] -- Found OpenSSL: /usr/lib/x86_64-linux-gnu/libcrypto.so (found version "3.0.2")  
[1.101s] -- Found FastRTPS: /opt/ros/humble/include  
[1.155s] -- Using RMW implementation 'rmw_fastrtps_cpp' as default
[1.167s] -- Performing Test CMAKE_HAVE_LIBC_PTHREAD
[1.227s] -- Performing Test CMAKE_HAVE_LIBC_PTHREAD - Success
[1.228s] -- Found Threads: TRUE  
[1.425s] [0m=============================================================[0m
[1.425s] [0m-- ROS2 Found. ROS2 Support is turned On.[0m
[1.425s] [0m=============================================================[0m
[1.428s] -- Found sensor_msgs: 4.2.3 (/opt/ros/humble/share/sensor_msgs/cmake)
[1.588s] -- Found rslidar_msg: 0.0.0 (/home/lilultime/ros2_lidar_ws/install/rslidar_msg/share/rslidar_msg/cmake)
[1.655s] [0m=============================================================[0m
[1.655s] [0m-- CMake run for UNIX GNU Compiler[0m
[1.655s] [0m=============================================================[0m
[1.656s] [0m=============================================================[0m
[1.656s] [0m-- rs_driver Version : v1.5.10[0m
[1.656s] [0m=============================================================[0m
[1.720s] -- Configuring done (1.7s)
[1.735s] -- Generating done (0.0s)
[1.737s] -- Build files have been written to: /home/lilultime/ros2_lidar_ws/build/rslidar_sdk
[1.751s] Invoked command in '/home/lilultime/ros2_lidar_ws/build/rslidar_sdk' returned '0': AMENT_PREFIX_PATH=/home/lilultime/ros2_lidar_ws/install/rslidar_msg:${AMENT_PREFIX_PATH} CMAKE_PREFIX_PATH=/home/lilultime/ros2_lidar_ws/install/rslidar_msg:/home/lilultime/ros2_ws/install/my_cpp_pkg:/home/lilultime/ros2_ws/install/my_robot_controller:/opt/ros/humble LD_LIBRARY_PATH=/home/lilultime/ros2_lidar_ws/install/rslidar_msg/lib:${LD_LIBRARY_PATH} PYTHONPATH=/home/lilultime/ros2_lidar_ws/install/rslidar_msg/local/lib/python3.10/dist-packages:${PYTHONPATH} /usr/local/bin/cmake /home/lilultime/ros2_lidar_ws/src/rslidar_sdk -DCMAKE_INSTALL_PREFIX=/home/lilultime/ros2_lidar_ws/install/rslidar_sdk
[1.753s] Invoking command in '/home/lilultime/ros2_lidar_ws/build/rslidar_sdk': AMENT_PREFIX_PATH=/home/lilultime/ros2_lidar_ws/install/rslidar_msg:${AMENT_PREFIX_PATH} CMAKE_PREFIX_PATH=/home/lilultime/ros2_lidar_ws/install/rslidar_msg:/home/lilultime/ros2_ws/install/my_cpp_pkg:/home/lilultime/ros2_ws/install/my_robot_controller:/opt/ros/humble LD_LIBRARY_PATH=/home/lilultime/ros2_lidar_ws/install/rslidar_msg/lib:${LD_LIBRARY_PATH} PYTHONPATH=/home/lilultime/ros2_lidar_ws/install/rslidar_msg/local/lib/python3.10/dist-packages:${PYTHONPATH} /usr/local/bin/cmake --build /home/lilultime/ros2_lidar_ws/build/rslidar_sdk -- -j8 -l8
[1.798s] [ 33%] [32mBuilding CXX object CMakeFiles/rslidar_sdk_node.dir/node/rslidar_sdk_node.cpp.o[0m
[1.799s] [ 66%] [32mBuilding CXX object CMakeFiles/rslidar_sdk_node.dir/src/manager/node_manager.cpp.o[0m
[2.011s] In file included from [01m[K/home/lilultime/ros2_lidar_ws/src/rslidar_sdk/src/rs_driver/src/rs_driver/driver/input/input_factory.hpp:42[m[K,
[2.011s]                  from [01m[K/home/lilultime/ros2_lidar_ws/src/rslidar_sdk/src/rs_driver/src/rs_driver/driver/lidar_driver_impl.hpp:41[m[K,
[2.011s]                  from [01m[K/home/lilultime/ros2_lidar_ws/src/rslidar_sdk/src/rs_driver/src/rs_driver/api/lidar_driver.hpp:35[m[K,
[2.011s]                  from [01m[K/home/lilultime/ros2_lidar_ws/src/rslidar_sdk/src/source/source_driver.hpp:37[m[K,
[2.011s]                  from [01m[K/home/lilultime/ros2_lidar_ws/src/rslidar_sdk/src/manager/node_manager.cpp:34[m[K:
[2.011s] [01m[K/home/lilultime/ros2_lidar_ws/src/rslidar_sdk/src/rs_driver/src/rs_driver/driver/input/input_pcap.hpp:43:10:[m[K [01;31m[Kfatal error: [m[Kpcap.h: No such file or directory
[2.011s]    43 | #include [01;31m[K<pcap.h>[m[K
[2.011s]       |          [01;31m[K^~~~~~~~[m[K
[2.011s] compilation terminated.
[2.013s] gmake[2]: *** [CMakeFiles/rslidar_sdk_node.dir/build.make:90: CMakeFiles/rslidar_sdk_node.dir/src/manager/node_manager.cpp.o] Error 1
[2.013s] gmake[2]: *** Waiting for unfinished jobs....
[5.077s] gmake[1]: *** [CMakeFiles/Makefile2:154: CMakeFiles/rslidar_sdk_node.dir/all] Error 2
[5.077s] gmake: *** [Makefile:146: all] Error 2
[5.082s] Invoked command in '/home/lilultime/ros2_lidar_ws/build/rslidar_sdk' returned '2': AMENT_PREFIX_PATH=/home/lilultime/ros2_lidar_ws/install/rslidar_msg:${AMENT_PREFIX_PATH} CMAKE_PREFIX_PATH=/home/lilultime/ros2_lidar_ws/install/rslidar_msg:/home/lilultime/ros2_ws/install/my_cpp_pkg:/home/lilultime/ros2_ws/install/my_robot_controller:/opt/ros/humble LD_LIBRARY_PATH=/home/lilultime/ros2_lidar_ws/install/rslidar_msg/lib:${LD_LIBRARY_PATH} PYTHONPATH=/home/lilultime/ros2_lidar_ws/install/rslidar_msg/local/lib/python3.10/dist-packages:${PYTHONPATH} /usr/local/bin/cmake --build /home/lilultime/ros2_lidar_ws/build/rslidar_sdk -- -j8 -l8
